<?xml version="1.0" encoding="UTF-8"?>
<!-- Generated by org.testng.reporters.JUnitXMLReporter -->
<testsuite hostname="Ajay-PC" ignored="0" name="Default test" tests="3" failures="0" timestamp="23 Oct 2018 02:27:15 GMT" time="57.131" errors="0">
  <testcase name="verifyUsernamePageTitleTest" time="4.386" classname="com.proofhub.testcases.UsernamePageTest"/>
  <testcase name="verifyCompanyName" time="4.131" classname="com.proofhub.testcases.UsernamePageTest"/>
  <testcase name="enterEmail" time="4.519" classname="com.proofhub.testcases.UsernamePageTest"/>
</testsuite> <!-- Default test -->
