<?xml version="1.0" encoding="UTF-8"?>
<!-- Generated by org.testng.reporters.JUnitXMLReporter -->
<testsuite hostname="Macmini-4.local" ignored="0" name="Command line test" tests="6" failures="1" timestamp="26 Oct 2018 10:46:52 GMT" time="126.355" errors="0">
  <testcase name="verifyUsernameOnPasswordPageTest" time="0.318" classname="com.proofhub.testcases.PasswordPageTest"/>
  <testcase name="verifyUsernamePageTitleTest" time="3.299" classname="com.proofhub.testcases.UsernamePageTest"/>
  <testcase name="enterPasswordTest" time="0.555" classname="com.proofhub.testcases.PasswordPageTest"/>
  <testcase name="verifyCompanyName" time="3.505" classname="com.proofhub.testcases.UsernamePageTest"/>
  <testcase name="clickHelpLinkTest" time="7.541" classname="com.proofhub.testcases.UsernamePageTest">
    <failure type="java.lang.AssertionError" message="Title of help link is not correct expected [Login - ProofHub Help] but found [Login - ProofHub HelpProofHub Help]">
      <![CDATA[java.lang.AssertionError: Title of help link is not correct expected [Login - ProofHub Help] but found [Login - ProofHub HelpProofHub Help]
at com.proofhub.testcases.UsernamePageTest.clickHelpLinkTest(UsernamePageTest.java:44)
... Removed 40 stack frames]]>
    </failure>
  </testcase> <!-- clickHelpLinkTest -->
  <testcase name="enterEmailTest" time="3.813" classname="com.proofhub.testcases.UsernamePageTest"/>
</testsuite> <!-- Command line test -->
