<?xml version="1.0" encoding="UTF-8" ?>
<testsuite tests="6" failures="1" name="TestSuite" time="19.126" errors="0" skipped="0">
  <properties>
[...]
</properties>
  <testcase classname="com.proofhub.testcases.PasswordPageTest" name="verifyUsernameOnPasswordPageTest" time="0.334"/>
  <testcase classname="com.proofhub.testcases.UsernamePageTest" name="verifyUsernamePageTitleTest" time="3.299"/>
  <testcase classname="com.proofhub.testcases.PasswordPageTest" name="enterPasswordTest" time="0.555"/>
  <testcase classname="com.proofhub.testcases.UsernamePageTest" name="verifyCompanyName" time="3.505"/>
  <testcase classname="com.proofhub.testcases.UsernamePageTest" name="clickHelpLinkTest" time="7.624">
    <failure message="Title of help link is not correct expected [Login - ProofHub Help] but found [Login - ProofHub HelpProofHub Help]" type="java.lang.AssertionError">java.lang.AssertionError: Title of help link is not correct expected [Login - ProofHub Help] but found [Login - ProofHub HelpProofHub Help]
	at org.testng.Assert.fail(Assert.java:96)
	at org.testng.Assert.failNotEquals(Assert.java:776)
	at org.testng.Assert.assertEqualsImpl(Assert.java:137)
	at org.testng.Assert.assertEquals(Assert.java:118)
	at org.testng.Assert.assertEquals(Assert.java:453)
	at com.proofhub.testcases.UsernamePageTest.clickHelpLinkTest(UsernamePageTest.java:44)
</failure>
    <system-out>CDwindow-C802FE40829E18CDE2EE36EED8163FEA
[CDwindow-C802FE40829E18CDE2EE36EED8163FEA, CDwindow-46E9C4E062EB555A9B3431FEB6753A28]
</system-out>
    <system-err>Starting ChromeDriver 2.36.540469 (1881fd7f8641508feb5166b7cae561d87723cfa8) on port 21850
Only local connections are allowed.
Oct 26, 2018 4:16:10 PM org.openqa.selenium.remote.ProtocolHandshake createSession
INFO: Detected dialect: OSS
</system-err>
  </testcase>
  <testcase classname="com.proofhub.testcases.UsernamePageTest" name="enterEmailTest" time="3.809"/>
</testsuite>