<?xml version="1.0" encoding="UTF-8"?>
<testng-results skipped="0" failed="1" ignored="0" total="4" passed="3">
  <reporter-output>
  </reporter-output>
  <suite name="Command line suite" duration-ms="98312" started-at="2018-10-23T11:19:42Z" finished-at="2018-10-23T11:21:20Z">
    <groups>
    </groups>
    <test name="Command line test" duration-ms="98312" started-at="2018-10-23T11:19:42Z" finished-at="2018-10-23T11:21:20Z">
      <class name="com.proofhub.testcases.PasswordPageTest">
        <test-method status="PASS" signature="setUp()[pri:0, instance:com.proofhub.testcases.PasswordPageTest@15975490]" name="setUp" is-config="true" duration-ms="19544" started-at="2018-10-23T11:19:42Z" finished-at="2018-10-23T11:20:01Z">
          <reporter-output>
          </reporter-output>
        </test-method> <!-- setUp -->
        <test-method status="FAIL" signature="verifyUsernameOnPasswordPageTest()[pri:1, instance:com.proofhub.testcases.PasswordPageTest@15975490]" name="verifyUsernameOnPasswordPageTest" duration-ms="20237" started-at="2018-10-23T11:20:01Z" finished-at="2018-10-23T11:20:21Z">
          <exception class="org.openqa.selenium.NoSuchElementException">
            <message>
              <![CDATA[no such element: Unable to locate element: {"method":"xpath","selector":"//label[contains(text(),'aj*********ur@sdplabs.com')]"}
  (Session info: chrome=69.0.3497.100)
  (Driver info: chromedriver=2.36.540469 (1881fd7f8641508feb5166b7cae561d87723cfa8),platform=Mac OS X 10.12.6 x86_64) (WARNING: The server did not provide any stacktrace information)
Command duration or timeout: 0 milliseconds
For documentation on this error, please visit: http://seleniumhq.org/exceptions/no_such_element.html
Build info: version: '3.13.0', revision: '2f0d292', time: '2018-06-25T15:24:21.231Z'
System info: host: 'Macmini-4.local', ip: 'fe80:0:0:0:1448:10fe:3694:e0d4%en0', os.name: 'Mac OS X', os.arch: 'x86_64', os.version: '10.12.6', java.version: '1.8.0_141'
Driver info: org.openqa.selenium.chrome.ChromeDriver
Capabilities {acceptInsecureCerts: false, acceptSslCerts: false, applicationCacheEnabled: false, browserConnectionEnabled: false, browserName: chrome, chrome: {chromedriverVersion: 2.36.540469 (1881fd7f864150..., userDataDir: /var/folders/yn/ntcr6xx97q3...}, cssSelectorsEnabled: true, databaseEnabled: false, handlesAlerts: true, hasTouchScreen: false, javascriptEnabled: true, locationContextEnabled: true, mobileEmulationEnabled: false, nativeEvents: true, networkConnectionEnabled: false, pageLoadStrategy: normal, platform: MAC, platformName: MAC, rotatable: false, setWindowRect: true, takesHeapSnapshot: true, takesScreenshot: true, unexpectedAlertBehaviour: , unhandledPromptBehavior: , version: 69.0.3497.100, webStorageEnabled: true}
Session ID: 9c470add8057013507672dc76c2544f5
*** Element info: {Using=xpath, value=//label[contains(text(),'aj*********ur@sdplabs.com')]}]]>
            </message>
            <full-stacktrace>
              <![CDATA[org.openqa.selenium.NoSuchElementException: no such element: Unable to locate element: {"method":"xpath","selector":"//label[contains(text(),'aj*********ur@sdplabs.com')]"}
  (Session info: chrome=69.0.3497.100)
  (Driver info: chromedriver=2.36.540469 (1881fd7f8641508feb5166b7cae561d87723cfa8),platform=Mac OS X 10.12.6 x86_64) (WARNING: The server did not provide any stacktrace information)
Command duration or timeout: 0 milliseconds
For documentation on this error, please visit: http://seleniumhq.org/exceptions/no_such_element.html
Build info: version: '3.13.0', revision: '2f0d292', time: '2018-06-25T15:24:21.231Z'
System info: host: 'Macmini-4.local', ip: 'fe80:0:0:0:1448:10fe:3694:e0d4%en0', os.name: 'Mac OS X', os.arch: 'x86_64', os.version: '10.12.6', java.version: '1.8.0_141'
Driver info: org.openqa.selenium.chrome.ChromeDriver
Capabilities {acceptInsecureCerts: false, acceptSslCerts: false, applicationCacheEnabled: false, browserConnectionEnabled: false, browserName: chrome, chrome: {chromedriverVersion: 2.36.540469 (1881fd7f864150..., userDataDir: /var/folders/yn/ntcr6xx97q3...}, cssSelectorsEnabled: true, databaseEnabled: false, handlesAlerts: true, hasTouchScreen: false, javascriptEnabled: true, locationContextEnabled: true, mobileEmulationEnabled: false, nativeEvents: true, networkConnectionEnabled: false, pageLoadStrategy: normal, platform: MAC, platformName: MAC, rotatable: false, setWindowRect: true, takesHeapSnapshot: true, takesScreenshot: true, unexpectedAlertBehaviour: , unhandledPromptBehavior: , version: 69.0.3497.100, webStorageEnabled: true}
Session ID: 9c470add8057013507672dc76c2544f5
*** Element info: {Using=xpath, value=//label[contains(text(),'aj*********ur@sdplabs.com')]}
at sun.reflect.NativeConstructorAccessorImpl.newInstance0(Native Method)
at sun.reflect.NativeConstructorAccessorImpl.newInstance(NativeConstructorAccessorImpl.java:62)
at sun.reflect.DelegatingConstructorAccessorImpl.newInstance(DelegatingConstructorAccessorImpl.java:45)
at java.lang.reflect.Constructor.newInstance(Constructor.java:423)
at org.openqa.selenium.remote.ErrorHandler.createThrowable(ErrorHandler.java:214)
at org.openqa.selenium.remote.ErrorHandler.throwIfResponseFailed(ErrorHandler.java:166)
at org.openqa.selenium.remote.http.JsonHttpResponseCodec.reconstructValue(JsonHttpResponseCodec.java:40)
at org.openqa.selenium.remote.http.AbstractHttpResponseCodec.decode(AbstractHttpResponseCodec.java:80)
at org.openqa.selenium.remote.http.AbstractHttpResponseCodec.decode(AbstractHttpResponseCodec.java:44)
at org.openqa.selenium.remote.HttpCommandExecutor.execute(HttpCommandExecutor.java:158)
at org.openqa.selenium.remote.service.DriverCommandExecutor.execute(DriverCommandExecutor.java:83)
at org.openqa.selenium.remote.RemoteWebDriver.execute(RemoteWebDriver.java:548)
at org.openqa.selenium.remote.RemoteWebDriver.findElement(RemoteWebDriver.java:322)
at org.openqa.selenium.remote.RemoteWebDriver.findElementByXPath(RemoteWebDriver.java:424)
at org.openqa.selenium.By$ByXPath.findElement(By.java:353)
at org.openqa.selenium.remote.RemoteWebDriver.findElement(RemoteWebDriver.java:314)
at org.openqa.selenium.support.pagefactory.DefaultElementLocator.findElement(DefaultElementLocator.java:69)
at org.openqa.selenium.support.pagefactory.internal.LocatingElementHandler.invoke(LocatingElementHandler.java:38)
at com.sun.proxy.$Proxy7.isDisplayed(Unknown Source)
at com.proofhub.pages.PasswordPage.verifyUsernameOnPasswordPage(PasswordPage.java:32)
at com.proofhub.testcases.PasswordPageTest.verifyUsernameOnPasswordPageTest(PasswordPageTest.java:28)
at sun.reflect.NativeMethodAccessorImpl.invoke0(Native Method)
at sun.reflect.NativeMethodAccessorImpl.invoke(NativeMethodAccessorImpl.java:62)
at sun.reflect.DelegatingMethodAccessorImpl.invoke(DelegatingMethodAccessorImpl.java:43)
at java.lang.reflect.Method.invoke(Method.java:498)
at org.testng.internal.MethodInvocationHelper.invokeMethod(MethodInvocationHelper.java:124)
at org.testng.internal.Invoker.invokeMethod(Invoker.java:583)
at org.testng.internal.Invoker.invokeTestMethod(Invoker.java:719)
at org.testng.internal.Invoker.invokeTestMethods(Invoker.java:989)
at org.testng.internal.TestMethodWorker.invokeTestMethods(TestMethodWorker.java:125)
at org.testng.internal.TestMethodWorker.run(TestMethodWorker.java:109)
at org.testng.TestRunner.privateRun(TestRunner.java:648)
at org.testng.TestRunner.run(TestRunner.java:505)
at org.testng.SuiteRunner.runTest(SuiteRunner.java:455)
at org.testng.SuiteRunner.runSequentially(SuiteRunner.java:450)
at org.testng.SuiteRunner.privateRun(SuiteRunner.java:415)
at org.testng.SuiteRunner.run(SuiteRunner.java:364)
at org.testng.SuiteRunnerWorker.runSuite(SuiteRunnerWorker.java:52)
at org.testng.SuiteRunnerWorker.run(SuiteRunnerWorker.java:84)
at org.testng.TestNG.runSuitesSequentially(TestNG.java:1208)
at org.testng.TestNG.runSuitesLocally(TestNG.java:1137)
at org.testng.TestNG.runSuites(TestNG.java:1049)
at org.testng.TestNG.run(TestNG.java:1017)
at org.apache.maven.surefire.testng.TestNGExecutor.run(TestNGExecutor.java:77)
at org.apache.maven.surefire.testng.TestNGDirectoryTestSuite.executeMulti(TestNGDirectoryTestSuite.java:159)
at org.apache.maven.surefire.testng.TestNGDirectoryTestSuite.execute(TestNGDirectoryTestSuite.java:99)
at org.apache.maven.surefire.testng.TestNGProvider.invoke(TestNGProvider.java:106)
at sun.reflect.NativeMethodAccessorImpl.invoke0(Native Method)
at sun.reflect.NativeMethodAccessorImpl.invoke(NativeMethodAccessorImpl.java:62)
at sun.reflect.DelegatingMethodAccessorImpl.invoke(DelegatingMethodAccessorImpl.java:43)
at java.lang.reflect.Method.invoke(Method.java:498)
at org.apache.maven.surefire.util.ReflectionUtils.invokeMethodWithArray(ReflectionUtils.java:189)
at org.apache.maven.surefire.booter.ProviderFactory$ProviderProxy.invoke(ProviderFactory.java:165)
at org.apache.maven.surefire.booter.ProviderFactory.invokeProvider(ProviderFactory.java:85)
at org.apache.maven.surefire.booter.ForkedBooter.runSuitesInProcess(ForkedBooter.java:115)
at org.apache.maven.surefire.booter.ForkedBooter.main(ForkedBooter.java:75)
]]>
            </full-stacktrace>
          </exception> <!-- org.openqa.selenium.NoSuchElementException -->
          <reporter-output>
          </reporter-output>
        </test-method> <!-- verifyUsernameOnPasswordPageTest -->
        <test-method status="PASS" signature="tearDown()[pri:0, instance:com.proofhub.testcases.PasswordPageTest@15975490]" name="tearDown" is-config="true" duration-ms="216" started-at="2018-10-23T11:20:21Z" finished-at="2018-10-23T11:20:22Z">
          <reporter-output>
          </reporter-output>
        </test-method> <!-- tearDown -->
      </class> <!-- com.proofhub.testcases.PasswordPageTest -->
      <class name="com.proofhub.testcases.UsernamePageTest">
        <test-method status="PASS" signature="setUp()[pri:0, instance:com.proofhub.testcases.UsernamePageTest@6b143ee9]" name="setUp" is-config="true" duration-ms="15902" started-at="2018-10-23T11:20:22Z" finished-at="2018-10-23T11:20:38Z">
          <reporter-output>
          </reporter-output>
        </test-method> <!-- setUp -->
        <test-method status="PASS" signature="verifyUsernamePageTitleTest()[pri:1, instance:com.proofhub.testcases.UsernamePageTest@6b143ee9]" name="verifyUsernamePageTitleTest" duration-ms="3224" started-at="2018-10-23T11:20:38Z" finished-at="2018-10-23T11:20:41Z">
          <reporter-output>
          </reporter-output>
        </test-method> <!-- verifyUsernamePageTitleTest -->
        <test-method status="PASS" signature="tearDown()[pri:0, instance:com.proofhub.testcases.UsernamePageTest@6b143ee9]" name="tearDown" is-config="true" duration-ms="171" started-at="2018-10-23T11:20:41Z" finished-at="2018-10-23T11:20:41Z">
          <reporter-output>
          </reporter-output>
        </test-method> <!-- tearDown -->
        <test-method status="PASS" signature="setUp()[pri:0, instance:com.proofhub.testcases.UsernamePageTest@6b143ee9]" name="setUp" is-config="true" duration-ms="16220" started-at="2018-10-23T11:20:41Z" finished-at="2018-10-23T11:20:57Z">
          <reporter-output>
          </reporter-output>
        </test-method> <!-- setUp -->
        <test-method status="PASS" signature="verifyCompanyName()[pri:2, instance:com.proofhub.testcases.UsernamePageTest@6b143ee9]" name="verifyCompanyName" duration-ms="3482" started-at="2018-10-23T11:20:57Z" finished-at="2018-10-23T11:21:01Z">
          <reporter-output>
          </reporter-output>
        </test-method> <!-- verifyCompanyName -->
        <test-method status="PASS" signature="tearDown()[pri:0, instance:com.proofhub.testcases.UsernamePageTest@6b143ee9]" name="tearDown" is-config="true" duration-ms="173" started-at="2018-10-23T11:21:01Z" finished-at="2018-10-23T11:21:01Z">
          <reporter-output>
          </reporter-output>
        </test-method> <!-- tearDown -->
        <test-method status="PASS" signature="setUp()[pri:0, instance:com.proofhub.testcases.UsernamePageTest@6b143ee9]" name="setUp" is-config="true" duration-ms="13954" started-at="2018-10-23T11:21:01Z" finished-at="2018-10-23T11:21:15Z">
          <reporter-output>
          </reporter-output>
        </test-method> <!-- setUp -->
        <test-method status="PASS" signature="enterEmail()[pri:3, instance:com.proofhub.testcases.UsernamePageTest@6b143ee9]" name="enterEmail" duration-ms="4768" started-at="2018-10-23T11:21:15Z" finished-at="2018-10-23T11:21:20Z">
          <reporter-output>
          </reporter-output>
        </test-method> <!-- enterEmail -->
        <test-method status="PASS" signature="tearDown()[pri:0, instance:com.proofhub.testcases.UsernamePageTest@6b143ee9]" name="tearDown" is-config="true" duration-ms="350" started-at="2018-10-23T11:21:20Z" finished-at="2018-10-23T11:21:20Z">
          <reporter-output>
          </reporter-output>
        </test-method> <!-- tearDown -->
      </class> <!-- com.proofhub.testcases.UsernamePageTest -->
    </test> <!-- Command line test -->
  </suite> <!-- Command line suite -->
</testng-results>
