<?xml version="1.0" encoding="UTF-8"?>
<!-- Generated by org.testng.reporters.JUnitXMLReporter -->
<testsuite hostname="Macmini-4.local" ignored="0" name="ProofHub Lite application test cases" tests="4" failures="1" timestamp="26 Oct 2018 10:54:03 GMT" time="79.215" errors="0">
  <testcase name="verifyUsernamePageTitleTest" time="3.685" classname="com.proofhub.testcases.UsernamePageTest"/>
  <testcase name="verifyCompanyName" time="2.741" classname="com.proofhub.testcases.UsernamePageTest"/>
  <testcase name="clickHelpLinkTest" time="7.18" classname="com.proofhub.testcases.UsernamePageTest">
    <failure type="java.lang.AssertionError" message="Title of help link is not correct expected [Login - ProofHub Help] but found [Login - ProofHub HelpProofHub Help]">
      <![CDATA[java.lang.AssertionError: Title of help link is not correct expected [Login - ProofHub Help] but found [Login - ProofHub HelpProofHub Help]
at com.proofhub.testcases.UsernamePageTest.clickHelpLinkTest(UsernamePageTest.java:44)
... Removed 30 stack frames]]>
    </failure>
  </testcase> <!-- clickHelpLinkTest -->
  <testcase name="enterEmailTest" time="3.862" classname="com.proofhub.testcases.UsernamePageTest"/>
</testsuite> <!-- ProofHub Lite application test cases -->
