<?xml version="1.0" encoding="UTF-8"?>
<!-- Generated by org.testng.reporters.JUnitXMLReporter -->
<testsuite hostname="Ajay-PC" ignored="0" name="ProofHub Lite application test cases2" tests="2" failures="0" timestamp="02 Nov 2018 01:19:40 GMT" time="37.616" errors="0">
  <testcase name="verifyUsernameOnPasswordPageTest" time="1.015" classname="com.proofhub.testcases.PasswordPageTest"/>
  <testcase name="enterPasswordTest" time="0.68" classname="com.proofhub.testcases.PasswordPageTest"/>
</testsuite> <!-- ProofHub Lite application test cases2 -->
