<?xml version="1.0" encoding="UTF-8"?>
<!-- Generated by org.testng.reporters.JUnitXMLReporter -->
<testsuite hostname="Ajay-PC" ignored="0" name="ProofHub Lite application test cases" tests="2" failures="0" timestamp="26 Oct 2018 03:09:11 GMT" time="37.748" errors="0">
  <testcase name="verifyUsernameOnPasswordPageTest" time="0.646" classname="com.proofhub.testcases.PasswordPageTest"/>
  <testcase name="enterPasswordTest" time="0.627" classname="com.proofhub.testcases.PasswordPageTest"/>
</testsuite> <!-- ProofHub Lite application test cases -->
